<?xml version="1.0" encoding="UTF-8"?>
<!-- Generated by org.testng.reporters.JUnitXMLReporter -->
<testsuite ignored="0" hostname="BOOK-QC7FQPRQ1U" failures="0" tests="4" name="Default test" time="7.782" errors="0" timestamp="2023-07-04T12:32:16 EDT">
  <testcase classname="io.cucumber.testng.AbstractTestNGCucumberTests" name="runScenario" time="3.27"/>
  <testcase classname="io.cucumber.testng.AbstractTestNGCucumberTests" name="runScenario" time="1.89"/>
  <testcase classname="io.cucumber.testng.AbstractTestNGCucumberTests" name="runScenario" time="1.918"/>
  <testcase classname="lisa.testrunner.CucumberTestRunner" name="test1" time="0.0"/>
</testsuite> <!-- Default test -->
