<?xml version="1.0" encoding="UTF-8"?>
<testng-results ignored="0" total="4" passed="4" failed="0" skipped="0">
  <reporter-output>
  </reporter-output>
  <suite started-at="2023-07-04T12:32:29 EDT" name="Suite" finished-at="2023-07-04T12:32:38 EDT" duration-ms="8370">
    <groups>
      <group name="cucumber">
        <method signature="AbstractTestNGCucumberTests.runScenario(io.cucumber.testng.PickleWrapper,io.cucumber.testng.FeatureWrapper)[pri:0, instance:lisa.testrunner.CucumberTestRunner@41a0aa7d]" name="runScenario" class="io.cucumber.testng.AbstractTestNGCucumberTests"/>
      </group> <!-- cucumber -->
    </groups>
    <test started-at="2023-07-04T12:32:29 EDT" name="Test" finished-at="2023-07-04T12:32:38 EDT" duration-ms="8370">
      <class name="lisa.testrunner.CucumberTestRunner">
        <test-method is-config="true" signature="setup()[pri:0, instance:lisa.testrunner.CucumberTestRunner@41a0aa7d]" started-at="2023-07-04T12:32:29 EDT" name="setup" finished-at="2023-07-04T12:32:29 EDT" duration-ms="16" status="PASS">
          <reporter-output>
          </reporter-output>
        </test-method> <!-- setup -->
        <test-method is-config="true" signature="setUpClass(org.testng.ITestContext)[pri:0, instance:lisa.testrunner.CucumberTestRunner@41a0aa7d]" started-at="2023-07-04T12:32:29 EDT" name="setUpClass" finished-at="2023-07-04T12:32:30 EDT" duration-ms="294" status="PASS">
          <params>
            <param index="0">
              <value>
                <![CDATA[org.testng.TestRunner@68c9e023]]>
              </value>
            </param>
          </params>
          <reporter-output>
          </reporter-output>
        </test-method> <!-- setUpClass -->
        <test-method signature="runScenario(io.cucumber.testng.PickleWrapper,io.cucumber.testng.FeatureWrapper)[pri:0, instance:lisa.testrunner.CucumberTestRunner@41a0aa7d]" started-at="2023-07-04T12:32:30 EDT" name="runScenario" description="Runs Cucumber Scenarios" data-provider="scenarios" finished-at="2023-07-04T12:32:33 EDT" duration-ms="3464" status="PASS">
          <params>
            <param index="0">
              <value>
                <![CDATA["Check log-in with valid credentials"]]>
              </value>
            </param>
            <param index="1">
              <value>
                <![CDATA["Log-in function test"]]>
              </value>
            </param>
          </params>
          <reporter-output>
          </reporter-output>
        </test-method> <!-- runScenario -->
        <test-method signature="runScenario(io.cucumber.testng.PickleWrapper,io.cucumber.testng.FeatureWrapper)[pri:0, instance:lisa.testrunner.CucumberTestRunner@41a0aa7d]" started-at="2023-07-04T12:32:33 EDT" name="runScenario" description="Runs Cucumber Scenarios" data-provider="scenarios" finished-at="2023-07-04T12:32:35 EDT" duration-ms="1967" status="PASS">
          <params>
            <param index="0">
              <value>
                <![CDATA["Check log-in with valid credentials"]]>
              </value>
            </param>
            <param index="1">
              <value>
                <![CDATA["Log-in function test"]]>
              </value>
            </param>
          </params>
          <reporter-output>
          </reporter-output>
        </test-method> <!-- runScenario -->
        <test-method signature="runScenario(io.cucumber.testng.PickleWrapper,io.cucumber.testng.FeatureWrapper)[pri:0, instance:lisa.testrunner.CucumberTestRunner@41a0aa7d]" started-at="2023-07-04T12:32:35 EDT" name="runScenario" description="Runs Cucumber Scenarios" data-provider="scenarios" finished-at="2023-07-04T12:32:37 EDT" duration-ms="2169" status="PASS">
          <params>
            <param index="0">
              <value>
                <![CDATA["Check log-in with valid credentials"]]>
              </value>
            </param>
            <param index="1">
              <value>
                <![CDATA["Log-in function test"]]>
              </value>
            </param>
          </params>
          <reporter-output>
          </reporter-output>
        </test-method> <!-- runScenario -->
        <test-method signature="test1()[pri:0, instance:lisa.testrunner.CucumberTestRunner@41a0aa7d]" started-at="2023-07-04T12:32:37 EDT" name="test1" finished-at="2023-07-04T12:32:37 EDT" duration-ms="0" status="PASS">
          <reporter-output>
          </reporter-output>
        </test-method> <!-- test1 -->
        <test-method is-config="true" signature="tearDownClass()[pri:0, instance:lisa.testrunner.CucumberTestRunner@41a0aa7d]" started-at="2023-07-04T12:32:37 EDT" name="tearDownClass" finished-at="2023-07-04T12:32:38 EDT" duration-ms="422" status="PASS">
          <reporter-output>
          </reporter-output>
        </test-method> <!-- tearDownClass -->
        <test-method is-config="true" signature="tearDown()[pri:0, instance:lisa.testrunner.CucumberTestRunner@41a0aa7d]" started-at="2023-07-04T12:32:38 EDT" name="tearDown" finished-at="2023-07-04T12:32:38 EDT" duration-ms="0" status="PASS">
          <reporter-output>
          </reporter-output>
        </test-method> <!-- tearDown -->
      </class> <!-- lisa.testrunner.CucumberTestRunner -->
    </test> <!-- Test -->
  </suite> <!-- Suite -->
</testng-results>
