<?xml version="1.0" encoding="UTF-8"?>
<testng-results ignored="0" total="4" passed="4" failed="0" skipped="0">
  <reporter-output>
  </reporter-output>
  <suite started-at="2023-06-23T09:29:32 EDT" name="Suite" finished-at="2023-06-23T09:29:38 EDT" duration-ms="5981">
    <groups>
      <group name="cucumber">
        <method signature="AbstractTestNGCucumberTests.runScenario(io.cucumber.testng.PickleWrapper,io.cucumber.testng.FeatureWrapper)[pri:0, instance:lisa.testrunner.CucumberTestRunner@41a0aa7d]" name="runScenario" class="io.cucumber.testng.AbstractTestNGCucumberTests"/>
      </group> <!-- cucumber -->
    </groups>
    <test started-at="2023-06-23T09:29:32 EDT" name="Test" finished-at="2023-06-23T09:29:38 EDT" duration-ms="5981">
      <class name="lisa.testrunner.CucumberTestRunner">
        <test-method is-config="true" signature="setup()[pri:0, instance:lisa.testrunner.CucumberTestRunner@41a0aa7d]" started-at="2023-06-23T09:29:32 EDT" name="setup" finished-at="2023-06-23T09:29:32 EDT" duration-ms="6" status="PASS">
          <reporter-output>
          </reporter-output>
        </test-method> <!-- setup -->
        <test-method is-config="true" signature="setUpClass(org.testng.ITestContext)[pri:0, instance:lisa.testrunner.CucumberTestRunner@41a0aa7d]" started-at="2023-06-23T09:29:32 EDT" name="setUpClass" finished-at="2023-06-23T09:29:32 EDT" duration-ms="190" status="PASS">
          <params>
            <param index="0">
              <value>
                <![CDATA[org.testng.TestRunner@10e5bf9c]]>
              </value>
            </param>
          </params>
          <reporter-output>
          </reporter-output>
        </test-method> <!-- setUpClass -->
        <test-method signature="runScenario(io.cucumber.testng.PickleWrapper,io.cucumber.testng.FeatureWrapper)[pri:0, instance:lisa.testrunner.CucumberTestRunner@41a0aa7d]" started-at="2023-06-23T09:29:32 EDT" name="runScenario" description="Runs Cucumber Scenarios" data-provider="scenarios" finished-at="2023-06-23T09:29:34 EDT" duration-ms="2573" status="PASS">
          <params>
            <param index="0">
              <value>
                <![CDATA["Check log-in with valid credentials"]]>
              </value>
            </param>
            <param index="1">
              <value>
                <![CDATA["Log-in function test"]]>
              </value>
            </param>
          </params>
          <reporter-output>
          </reporter-output>
        </test-method> <!-- runScenario -->
        <test-method signature="runScenario(io.cucumber.testng.PickleWrapper,io.cucumber.testng.FeatureWrapper)[pri:0, instance:lisa.testrunner.CucumberTestRunner@41a0aa7d]" started-at="2023-06-23T09:29:34 EDT" name="runScenario" description="Runs Cucumber Scenarios" data-provider="scenarios" finished-at="2023-06-23T09:29:36 EDT" duration-ms="1542" status="PASS">
          <params>
            <param index="0">
              <value>
                <![CDATA["Check log-in with valid credentials"]]>
              </value>
            </param>
            <param index="1">
              <value>
                <![CDATA["Log-in function test"]]>
              </value>
            </param>
          </params>
          <reporter-output>
          </reporter-output>
        </test-method> <!-- runScenario -->
        <test-method signature="runScenario(io.cucumber.testng.PickleWrapper,io.cucumber.testng.FeatureWrapper)[pri:0, instance:lisa.testrunner.CucumberTestRunner@41a0aa7d]" started-at="2023-06-23T09:29:36 EDT" name="runScenario" description="Runs Cucumber Scenarios" data-provider="scenarios" finished-at="2023-06-23T09:29:37 EDT" duration-ms="1484" status="PASS">
          <params>
            <param index="0">
              <value>
                <![CDATA["Check log-in with valid credentials"]]>
              </value>
            </param>
            <param index="1">
              <value>
                <![CDATA["Log-in function test"]]>
              </value>
            </param>
          </params>
          <reporter-output>
          </reporter-output>
        </test-method> <!-- runScenario -->
        <test-method signature="test1()[pri:0, instance:lisa.testrunner.CucumberTestRunner@41a0aa7d]" started-at="2023-06-23T09:29:37 EDT" name="test1" finished-at="2023-06-23T09:29:37 EDT" duration-ms="1" status="PASS">
          <reporter-output>
          </reporter-output>
        </test-method> <!-- test1 -->
        <test-method is-config="true" signature="tearDownClass()[pri:0, instance:lisa.testrunner.CucumberTestRunner@41a0aa7d]" started-at="2023-06-23T09:29:37 EDT" name="tearDownClass" finished-at="2023-06-23T09:29:38 EDT" duration-ms="162" status="PASS">
          <reporter-output>
          </reporter-output>
        </test-method> <!-- tearDownClass -->
        <test-method is-config="true" signature="tearDown()[pri:0, instance:lisa.testrunner.CucumberTestRunner@41a0aa7d]" started-at="2023-06-23T09:29:38 EDT" name="tearDown" finished-at="2023-06-23T09:29:38 EDT" duration-ms="0" status="PASS">
          <reporter-output>
          </reporter-output>
        </test-method> <!-- tearDown -->
      </class> <!-- lisa.testrunner.CucumberTestRunner -->
    </test> <!-- Test -->
  </suite> <!-- Suite -->
</testng-results>
